This file contains any messages produced by compilers while
running configure, to aid debugging if configure makes a mistake.

It was created by libsphinxclient configure 0.0.1, which was
generated by GNU Autoconf 2.59.  Invocation command line was

  $ ./configure 

## --------- ##
## Platform. ##
## --------- ##

hostname = Sloanes-MacBook-Pro.local
uname -m = x86_64
uname -r = 14.5.0
uname -s = Darwin
uname -v = Darwin Kernel Version 14.5.0: Wed Jul 29 02:26:53 PDT 2015; root:xnu-2782.40.9~1/RELEASE_X86_64

/usr/bin/uname -p = i386
/bin/uname -X     = unknown

/bin/arch              = unknown
/usr/bin/arch -k       = unknown
/usr/convex/getsysinfo = unknown
hostinfo               = Mach kernel version:
	 Darwin Kernel Version 14.5.0: Wed Jul 29 02:26:53 PDT 2015; root:xnu-2782.40.9~1/RELEASE_X86_64
Kernel configured for up to 4 processors.
2 processors are physically available.
4 processors are logically available.
Processor type: x86_64h (Intel x86-64h Haswell)
Processors active: 0 1 2 3
Primary memory available: 8.00 gigabytes
Default processor set: 326 tasks, 1940 threads, 4 processors
Load average: 1.56, Mach factor: 2.52
/bin/machine           = unknown
/usr/bin/oslevel       = unknown
/bin/universe          = unknown

PATH: /Users/sloanesimmons/.opam/system/bin
PATH: /Users/sloanesimmons/.rbenv/shims
PATH: /usr/local/go/bin
PATH: /Users/sloanesimmons/gocode/bin
PATH: /Users/sloanesimmons/local/bin
PATH: /Users/sloanesimmons/.nimble/bin
PATH: /Users/sloanesimmons/anaconda3/bin
PATH: /usr/local/sbin
PATH: /Users/sloanesimmons/.composer/vendor/bin
PATH: /usr/local/Cellar/fzf/HEAD/bin
PATH: /Users/sloanesimmons/.opam/system/bin
PATH: /Users/sloanesimmons/.rbenv/shims
PATH: /usr/local/go/bin
PATH: /Users/sloanesimmons/gocode/bin
PATH: /Users/sloanesimmons/local/bin
PATH: /Users/sloanesimmons/.nimble/bin
PATH: /usr/local/sbin
PATH: /Users/sloanesimmons/.composer/vendor/bin
PATH: /Users/sloanesimmons/anaconda3/bin
PATH: /usr/local/bin
PATH: /usr/bin
PATH: /bin
PATH: /usr/sbin
PATH: /sbin
PATH: /opt/X11/bin
PATH: /usr/local/go/bin
PATH: /usr/texbin


## ----------- ##
## Core tests. ##
## ----------- ##

configure:1537: checking for a BSD-compatible install
configure:1592: result: /usr/bin/install -c
configure:1603: checking whether build environment is sane
configure:1646: result: yes
configure:1711: checking for gawk
configure:1740: result: no
configure:1711: checking for mawk
configure:1740: result: no
configure:1711: checking for nawk
configure:1740: result: no
configure:1711: checking for awk
configure:1727: found /usr/bin/awk
configure:1737: result: awk
configure:1747: checking whether make sets $(MAKE)
configure:1767: result: yes
configure:1926: checking whether to enable maintainer-specific portions of Makefiles
configure:1935: result: no
configure:1997: checking for gcc
configure:2013: found /usr/bin/gcc
configure:2023: result: gcc
configure:2267: checking for C compiler version
configure:2270: gcc --version </dev/null >&5
Configured with: --prefix=/Applications/Xcode.app/Contents/Developer/usr --with-gxx-include-dir=/usr/include/c++/4.2.1
Apple LLVM version 7.0.2 (clang-700.1.81)
Target: x86_64-apple-darwin14.5.0
Thread model: posix
configure:2273: $? = 0
configure:2275: gcc -v </dev/null >&5
Configured with: --prefix=/Applications/Xcode.app/Contents/Developer/usr --with-gxx-include-dir=/usr/include/c++/4.2.1
Apple LLVM version 7.0.2 (clang-700.1.81)
Target: x86_64-apple-darwin14.5.0
Thread model: posix
configure:2278: $? = 0
configure:2280: gcc -V </dev/null >&5
clang: error: argument to '-V' is missing (expected 1 value)
clang: error: no input files
configure:2283: $? = 1
configure:2306: checking for C compiler default output file name
configure:2309: gcc    conftest.c  >&5
configure:2312: $? = 0
configure:2358: result: a.out
configure:2363: checking whether the C compiler works
configure:2369: ./a.out
configure:2372: $? = 0
configure:2389: result: yes
configure:2396: checking whether we are cross compiling
configure:2398: result: no
configure:2401: checking for suffix of executables
configure:2403: gcc -o conftest    conftest.c  >&5
configure:2406: $? = 0
configure:2431: result: 
configure:2437: checking for suffix of object files
configure:2458: gcc -c   conftest.c >&5
configure:2461: $? = 0
configure:2483: result: o
configure:2487: checking whether we are using the GNU C compiler
configure:2511: gcc -c   conftest.c >&5
configure:2517: $? = 0
configure:2521: test -z 
			 || test ! -s conftest.err
configure:2524: $? = 0
configure:2527: test -s conftest.o
configure:2530: $? = 0
configure:2543: result: yes
configure:2549: checking whether gcc accepts -g
configure:2570: gcc -c -g  conftest.c >&5
configure:2576: $? = 0
configure:2580: test -z 
			 || test ! -s conftest.err
configure:2583: $? = 0
configure:2586: test -s conftest.o
configure:2589: $? = 0
configure:2600: result: yes
configure:2617: checking for gcc option to accept ANSI C
configure:2687: gcc  -c -g -O2  conftest.c >&5
configure:2693: $? = 0
configure:2697: test -z 
			 || test ! -s conftest.err
configure:2700: $? = 0
configure:2703: test -s conftest.o
configure:2706: $? = 0
configure:2724: result: none needed
configure:2742: gcc -c -g -O2  conftest.c >&5
conftest.c:2:3: error: unknown type name 'choke'
  choke me
  ^
conftest.c:2:11: error: expected ';' after top level declarator
  choke me
          ^
          ;
2 errors generated.
configure:2748: $? = 1
configure: failed program was:
| #ifndef __cplusplus
|   choke me
| #endif
configure:2892: checking for style of include used by make
configure:2920: result: GNU
configure:2948: checking dependency style of gcc
configure:3038: result: none
configure:3055: checking for a sed that does not truncate output
configure:3109: result: /usr/bin/sed
configure:3118: checking build system type
configure:3136: result: i686-apple-darwin14.5.0
configure:3144: checking host system type
configure:3158: result: i686-apple-darwin14.5.0
configure:3166: checking for egrep
configure:3176: result: grep -E
configure:3192: checking for ld used by gcc
configure:3259: result: /Applications/Xcode.app/Contents/Developer/Toolchains/XcodeDefault.xctoolchain/usr/bin/ld
configure:3268: checking if the linker (/Applications/Xcode.app/Contents/Developer/Toolchains/XcodeDefault.xctoolchain/usr/bin/ld) is GNU ld
configure:3283: result: no
configure:3365: checking for /Applications/Xcode.app/Contents/Developer/Toolchains/XcodeDefault.xctoolchain/usr/bin/ld option to reload object files
configure:3372: result: -r
configure:3381: checking for BSD-compatible nm
configure:3423: result: /usr/bin/nm
configure:3427: checking whether ln -s works
configure:3431: result: yes
configure:3438: checking how to recognise dependent libraries
configure:3621: result: pass_all
configure:3835: checking how to run the C preprocessor
configure:3870: gcc -E  conftest.c
configure:3876: $? = 0
configure:3908: gcc -E  conftest.c
conftest.c:9:10: fatal error: 'ac_nonexistent.h' file not found
#include <ac_nonexistent.h>
         ^
1 error generated.
configure:3914: $? = 1
configure: failed program was:
| /* confdefs.h.  */
| 
| #define PACKAGE_NAME "libsphinxclient"
| #define PACKAGE_TARNAME "libsphinxclient"
| #define PACKAGE_VERSION "0.0.1"
| #define PACKAGE_STRING "libsphinxclient 0.0.1"
| #define PACKAGE_BUGREPORT ""
| /* end confdefs.h.  */
| #include <ac_nonexistent.h>
configure:3953: result: gcc -E
configure:3977: gcc -E  conftest.c
configure:3983: $? = 0
configure:4015: gcc -E  conftest.c
conftest.c:9:10: fatal error: 'ac_nonexistent.h' file not found
#include <ac_nonexistent.h>
         ^
1 error generated.
configure:4021: $? = 1
configure: failed program was:
| /* confdefs.h.  */
| 
| #define PACKAGE_NAME "libsphinxclient"
| #define PACKAGE_TARNAME "libsphinxclient"
| #define PACKAGE_VERSION "0.0.1"
| #define PACKAGE_STRING "libsphinxclient 0.0.1"
| #define PACKAGE_BUGREPORT ""
| /* end confdefs.h.  */
| #include <ac_nonexistent.h>
configure:4065: checking for ANSI C header files
configure:4090: gcc -c -g -O2  conftest.c >&5
configure:4096: $? = 0
configure:4100: test -z 
			 || test ! -s conftest.err
configure:4103: $? = 0
configure:4106: test -s conftest.o
configure:4109: $? = 0
configure:4198: gcc -o conftest -g -O2   conftest.c  >&5
conftest.c:26:7: warning: implicitly declaring library function 'exit' with type 'void (int) __attribute__((noreturn))'
      exit(2);
      ^
conftest.c:26:7: note: include the header <stdlib.h> or explicitly provide a declaration for 'exit'
1 warning generated.
configure:4201: $? = 0
configure:4203: ./conftest
configure:4206: $? = 0
configure:4221: result: yes
configure:4245: checking for sys/types.h
configure:4261: gcc -c -g -O2  conftest.c >&5
configure:4267: $? = 0
configure:4271: test -z 
			 || test ! -s conftest.err
configure:4274: $? = 0
configure:4277: test -s conftest.o
configure:4280: $? = 0
configure:4291: result: yes
configure:4245: checking for sys/stat.h
configure:4261: gcc -c -g -O2  conftest.c >&5
configure:4267: $? = 0
configure:4271: test -z 
			 || test ! -s conftest.err
configure:4274: $? = 0
configure:4277: test -s conftest.o
configure:4280: $? = 0
configure:4291: result: yes
configure:4245: checking for stdlib.h
configure:4261: gcc -c -g -O2  conftest.c >&5
configure:4267: $? = 0
configure:4271: test -z 
			 || test ! -s conftest.err
configure:4274: $? = 0
configure:4277: test -s conftest.o
configure:4280: $? = 0
configure:4291: result: yes
configure:4245: checking for string.h
configure:4261: gcc -c -g -O2  conftest.c >&5
configure:4267: $? = 0
configure:4271: test -z 
			 || test ! -s conftest.err
configure:4274: $? = 0
configure:4277: test -s conftest.o
configure:4280: $? = 0
configure:4291: result: yes
configure:4245: checking for memory.h
configure:4261: gcc -c -g -O2  conftest.c >&5
configure:4267: $? = 0
configure:4271: test -z 
			 || test ! -s conftest.err
configure:4274: $? = 0
configure:4277: test -s conftest.o
configure:4280: $? = 0
configure:4291: result: yes
configure:4245: checking for strings.h
configure:4261: gcc -c -g -O2  conftest.c >&5
configure:4267: $? = 0
configure:4271: test -z 
			 || test ! -s conftest.err
configure:4274: $? = 0
configure:4277: test -s conftest.o
configure:4280: $? = 0
configure:4291: result: yes
configure:4245: checking for inttypes.h
configure:4261: gcc -c -g -O2  conftest.c >&5
configure:4267: $? = 0
configure:4271: test -z 
			 || test ! -s conftest.err
configure:4274: $? = 0
configure:4277: test -s conftest.o
configure:4280: $? = 0
configure:4291: result: yes
configure:4245: checking for stdint.h
configure:4261: gcc -c -g -O2  conftest.c >&5
configure:4267: $? = 0
configure:4271: test -z 
			 || test ! -s conftest.err
configure:4274: $? = 0
configure:4277: test -s conftest.o
configure:4280: $? = 0
configure:4291: result: yes
configure:4245: checking for unistd.h
configure:4261: gcc -c -g -O2  conftest.c >&5
configure:4267: $? = 0
configure:4271: test -z 
			 || test ! -s conftest.err
configure:4274: $? = 0
configure:4277: test -s conftest.o
configure:4280: $? = 0
configure:4291: result: yes
configure:4317: checking dlfcn.h usability
configure:4329: gcc -c -g -O2  conftest.c >&5
configure:4335: $? = 0
configure:4339: test -z 
			 || test ! -s conftest.err
configure:4342: $? = 0
configure:4345: test -s conftest.o
configure:4348: $? = 0
configure:4358: result: yes
configure:4362: checking dlfcn.h presence
configure:4372: gcc -E  conftest.c
configure:4378: $? = 0
configure:4398: result: yes
configure:4433: checking for dlfcn.h
configure:4440: result: yes
configure:4459: checking how to run the C++ preprocessor
configure:4490:  -E  conftest.cc
./configure: line 4491: -E: command not found
configure:4496: $? = 127
configure: failed program was:
| /* confdefs.h.  */
| 
| #define PACKAGE_NAME "libsphinxclient"
| #define PACKAGE_TARNAME "libsphinxclient"
| #define PACKAGE_VERSION "0.0.1"
| #define PACKAGE_STRING "libsphinxclient 0.0.1"
| #define PACKAGE_BUGREPORT ""
| #define STDC_HEADERS 1
| #define HAVE_SYS_TYPES_H 1
| #define HAVE_SYS_STAT_H 1
| #define HAVE_STDLIB_H 1
| #define HAVE_STRING_H 1
| #define HAVE_MEMORY_H 1
| #define HAVE_STRINGS_H 1
| #define HAVE_INTTYPES_H 1
| #define HAVE_STDINT_H 1
| #define HAVE_UNISTD_H 1
| #define HAVE_DLFCN_H 1
| /* end confdefs.h.  */
| #ifdef __STDC__
| # include <limits.h>
| #else
| # include <assert.h>
| #endif
| 		     Syntax error
configure:4490:  -E  conftest.cc
./configure: line 4491: -E: command not found
configure:4496: $? = 127
configure: failed program was:
| /* confdefs.h.  */
| 
| #define PACKAGE_NAME "libsphinxclient"
| #define PACKAGE_TARNAME "libsphinxclient"
| #define PACKAGE_VERSION "0.0.1"
| #define PACKAGE_STRING "libsphinxclient 0.0.1"
| #define PACKAGE_BUGREPORT ""
| #define STDC_HEADERS 1
| #define HAVE_SYS_TYPES_H 1
| #define HAVE_SYS_STAT_H 1
| #define HAVE_STDLIB_H 1
| #define HAVE_STRING_H 1
| #define HAVE_MEMORY_H 1
| #define HAVE_STRINGS_H 1
| #define HAVE_INTTYPES_H 1
| #define HAVE_STDINT_H 1
| #define HAVE_UNISTD_H 1
| #define HAVE_DLFCN_H 1
| /* end confdefs.h.  */
| #ifdef __STDC__
| # include <limits.h>
| #else
| # include <assert.h>
| #endif
| 		     Syntax error
configure:4490: /lib/cpp  conftest.cc
./configure: line 4491: /lib/cpp: No such file or directory
configure:4496: $? = 127
configure: failed program was:
| /* confdefs.h.  */
| 
| #define PACKAGE_NAME "libsphinxclient"
| #define PACKAGE_TARNAME "libsphinxclient"
| #define PACKAGE_VERSION "0.0.1"
| #define PACKAGE_STRING "libsphinxclient 0.0.1"
| #define PACKAGE_BUGREPORT ""
| #define STDC_HEADERS 1
| #define HAVE_SYS_TYPES_H 1
| #define HAVE_SYS_STAT_H 1
| #define HAVE_STDLIB_H 1
| #define HAVE_STRING_H 1
| #define HAVE_MEMORY_H 1
| #define HAVE_STRINGS_H 1
| #define HAVE_INTTYPES_H 1
| #define HAVE_STDINT_H 1
| #define HAVE_UNISTD_H 1
| #define HAVE_DLFCN_H 1
| /* end confdefs.h.  */
| #ifdef __STDC__
| # include <limits.h>
| #else
| # include <assert.h>
| #endif
| 		     Syntax error
configure:4490: /lib/cpp  conftest.cc
./configure: line 4491: /lib/cpp: No such file or directory
configure:4496: $? = 127
configure: failed program was:
| /* confdefs.h.  */
| 
| #define PACKAGE_NAME "libsphinxclient"
| #define PACKAGE_TARNAME "libsphinxclient"
| #define PACKAGE_VERSION "0.0.1"
| #define PACKAGE_STRING "libsphinxclient 0.0.1"
| #define PACKAGE_BUGREPORT ""
| #define STDC_HEADERS 1
| #define HAVE_SYS_TYPES_H 1
| #define HAVE_SYS_STAT_H 1
| #define HAVE_STDLIB_H 1
| #define HAVE_STRING_H 1
| #define HAVE_MEMORY_H 1
| #define HAVE_STRINGS_H 1
| #define HAVE_INTTYPES_H 1
| #define HAVE_STDINT_H 1
| #define HAVE_UNISTD_H 1
| #define HAVE_DLFCN_H 1
| /* end confdefs.h.  */
| #ifdef __STDC__
| # include <limits.h>
| #else
| # include <assert.h>
| #endif
| 		     Syntax error
configure:4490: /usr/bin/cpp  conftest.cc
configure:4496: $? = 0
configure:4528: /usr/bin/cpp  conftest.cc
conftest.cc:20:10: fatal error: 'ac_nonexistent.h' file not found
#include <ac_nonexistent.h>
         ^
1 error generated.
configure:4534: $? = 1
configure: failed program was:
| /* confdefs.h.  */
| 
| #define PACKAGE_NAME "libsphinxclient"
| #define PACKAGE_TARNAME "libsphinxclient"
| #define PACKAGE_VERSION "0.0.1"
| #define PACKAGE_STRING "libsphinxclient 0.0.1"
| #define PACKAGE_BUGREPORT ""
| #define STDC_HEADERS 1
| #define HAVE_SYS_TYPES_H 1
| #define HAVE_SYS_STAT_H 1
| #define HAVE_STDLIB_H 1
| #define HAVE_STRING_H 1
| #define HAVE_MEMORY_H 1
| #define HAVE_STRINGS_H 1
| #define HAVE_INTTYPES_H 1
| #define HAVE_STDINT_H 1
| #define HAVE_UNISTD_H 1
| #define HAVE_DLFCN_H 1
| /* end confdefs.h.  */
| #include <ac_nonexistent.h>
configure:4573: result: /usr/bin/cpp
configure:4597: /usr/bin/cpp  conftest.cc
configure:4603: $? = 0
configure:4635: /usr/bin/cpp  conftest.cc
conftest.cc:20:10: fatal error: 'ac_nonexistent.h' file not found
#include <ac_nonexistent.h>
         ^
1 error generated.
configure:4641: $? = 1
configure: failed program was:
| /* confdefs.h.  */
| 
| #define PACKAGE_NAME "libsphinxclient"
| #define PACKAGE_TARNAME "libsphinxclient"
| #define PACKAGE_VERSION "0.0.1"
| #define PACKAGE_STRING "libsphinxclient 0.0.1"
| #define PACKAGE_BUGREPORT ""
| #define STDC_HEADERS 1
| #define HAVE_SYS_TYPES_H 1
| #define HAVE_SYS_STAT_H 1
| #define HAVE_STDLIB_H 1
| #define HAVE_STRING_H 1
| #define HAVE_MEMORY_H 1
| #define HAVE_STRINGS_H 1
| #define HAVE_INTTYPES_H 1
| #define HAVE_STDINT_H 1
| #define HAVE_UNISTD_H 1
| #define HAVE_DLFCN_H 1
| /* end confdefs.h.  */
| #include <ac_nonexistent.h>
configure:4691: checking the maximum length of command line arguments
configure:4756: result: 65536
configure:4767: checking command to parse /usr/bin/nm output from gcc object
configure:4856:  -c   conftest.cc >&5
./configure: line 4857: -c: command not found
configure:4859: $? = 127
: failed program was:
#ifdef __cplusplus
extern "C" {
#endif
char nm_test_var;
void nm_test_func(){}
#ifdef __cplusplus
}
#endif
int main(){nm_test_var='a';nm_test_func();return(0);}
configure:4856:  -c   conftest.cc >&5
./configure: line 4857: -c: command not found
configure:4859: $? = 127
: failed program was:
#ifdef __cplusplus
extern "C" {
#endif
char nm_test_var;
void nm_test_func(){}
#ifdef __cplusplus
}
#endif
int main(){nm_test_var='a';nm_test_func();return(0);}
configure:4956: result: failed
configure:4963: checking for objdir
configure:4978: result: .libs
configure:5068: checking for ar
configure:5084: found /usr/bin/ar
configure:5095: result: ar
configure:5148: checking for ranlib
configure:5164: found /usr/bin/ranlib
configure:5175: result: ranlib
configure:5228: checking for strip
configure:5244: found /usr/bin/strip
configure:5255: result: strip
configure:5517: checking if gcc static flag  works
configure:5540: result: yes
configure:5558: checking if gcc supports -fno-rtti -fno-exceptions
configure:5576: gcc -c -g -O2  -fno-rtti -fno-exceptions conftest.c >&5
configure:5580: $? = 0
configure:5591: result: yes
configure:5606: checking for gcc option to produce PIC
configure:5783: result: -fno-common
configure:5791: checking if gcc PIC flag -fno-common works
configure:5809: gcc -c -g -O2  -fno-common -DPIC conftest.c >&5
configure:5813: $? = 0
configure:5824: result: yes
configure:5848: checking if gcc supports -c -o file.o
configure:5869: gcc -c -g -O2  -o out/conftest2.o conftest.c >&5
configure:5873: $? = 0
configure:5893: result: yes
configure:5919: checking whether the gcc linker (/Applications/Xcode.app/Contents/Developer/Toolchains/XcodeDefault.xctoolchain/usr/bin/ld) supports shared libraries
configure:6767: result: no
configure:6838: checking dynamic linker characteristics
configure:7399: result: darwin14.5.0 dyld
configure:7403: checking how to hardcode library paths into programs
configure:7428: result: immediate
configure:7442: checking whether stripping libraries is possible
configure:7455: result: yes
configure:8277: checking if libtool supports shared libraries
configure:8279: result: no
configure:8282: checking whether to build shared libraries
configure:8340: result: no
configure:8343: checking whether to build static libraries
configure:8347: result: yes
configure:8439: creating libtool
configure:18457: checking for a BSD-compatible install
configure:18512: result: /usr/bin/install -c
configure:18524: checking for size_t
configure:18548: gcc -c -g -O2  conftest.c >&5
configure:18554: $? = 0
configure:18558: test -z 
			 || test ! -s conftest.err
configure:18561: $? = 0
configure:18564: test -s conftest.o
configure:18567: $? = 0
configure:18578: result: yes
configure:18599: checking for string.h
configure:18604: result: yes
configure:18599: checking for strings.h
configure:18604: result: yes
configure:18599: checking for unistd.h
configure:18604: result: yes
configure:18599: checking for stdint.h
configure:18604: result: yes
configure:18902: creating ./config.status

## ---------------------- ##
## Running config.status. ##
## ---------------------- ##

This file was extended by libsphinxclient config.status 0.0.1, which was
generated by GNU Autoconf 2.59.  Invocation command line was

  CONFIG_FILES    = 
  CONFIG_HEADERS  = 
  CONFIG_LINKS    = 
  CONFIG_COMMANDS = 
  $ ./config.status 

on Sloanes-MacBook-Pro.local

config.status:709: creating Makefile
config.status:813: creating sphinxclient_config.h
config.status:925: sphinxclient_config.h is unchanged
config.status:1105: executing depfiles commands

## ---------------- ##
## Cache variables. ##
## ---------------- ##

ac_cv_build=i686-apple-darwin14.5.0
ac_cv_build_alias=i686-apple-darwin14.5.0
ac_cv_c_compiler_gnu=yes
ac_cv_env_CC_set=
ac_cv_env_CC_value=
ac_cv_env_CFLAGS_set=
ac_cv_env_CFLAGS_value=
ac_cv_env_CPPFLAGS_set=
ac_cv_env_CPPFLAGS_value=
ac_cv_env_CPP_set=
ac_cv_env_CPP_value=
ac_cv_env_CXXCPP_set=
ac_cv_env_CXXCPP_value=
ac_cv_env_LDFLAGS_set=
ac_cv_env_LDFLAGS_value=
ac_cv_env_build_alias_set=
ac_cv_env_build_alias_value=
ac_cv_env_host_alias_set=
ac_cv_env_host_alias_value=
ac_cv_env_target_alias_set=
ac_cv_env_target_alias_value=
ac_cv_exeext=
ac_cv_header_dlfcn_h=yes
ac_cv_header_inttypes_h=yes
ac_cv_header_memory_h=yes
ac_cv_header_stdc=yes
ac_cv_header_stdint_h=yes
ac_cv_header_stdlib_h=yes
ac_cv_header_string_h=yes
ac_cv_header_strings_h=yes
ac_cv_header_sys_stat_h=yes
ac_cv_header_sys_types_h=yes
ac_cv_header_unistd_h=yes
ac_cv_host=i686-apple-darwin14.5.0
ac_cv_host_alias=i686-apple-darwin14.5.0
ac_cv_objext=o
ac_cv_path_install='/usr/bin/install -c'
ac_cv_prog_AWK=awk
ac_cv_prog_CPP='gcc -E'
ac_cv_prog_CXXCPP=/usr/bin/cpp
ac_cv_prog_ac_ct_AR=ar
ac_cv_prog_ac_ct_CC=gcc
ac_cv_prog_ac_ct_RANLIB=ranlib
ac_cv_prog_ac_ct_STRIP=strip
ac_cv_prog_cc_g=yes
ac_cv_prog_cc_stdc=
ac_cv_prog_egrep='grep -E'
ac_cv_prog_make_make_set=yes
ac_cv_type_size_t=yes
am_cv_CC_dependencies_compiler_type=none
lt_cv_deplibs_check_method=pass_all
lt_cv_file_magic_cmd='$MAGIC_CMD'
lt_cv_file_magic_test_file=
lt_cv_ld_reload_flag=-r
lt_cv_objdir=.libs
lt_cv_path_LD=/Applications/Xcode.app/Contents/Developer/Toolchains/XcodeDefault.xctoolchain/usr/bin/ld
lt_cv_path_NM=/usr/bin/nm
lt_cv_path_SED=/usr/bin/sed
lt_cv_prog_compiler_c_o=yes
lt_cv_prog_compiler_rtti_exceptions=yes
lt_cv_prog_gnu_ld=no
lt_cv_sys_global_symbol_pipe=
lt_cv_sys_global_symbol_to_c_name_address='sed -n -e '\''s/^: \([^ ]*\) $/  {\"\1\", (lt_ptr) 0},/p'\'' -e '\''s/^[BCDEGRST] \([^ ]*\) \([^ ]*\)$/  {"\2", (lt_ptr) \&\2},/p'\'''
lt_cv_sys_global_symbol_to_cdecl=
lt_cv_sys_max_cmd_len=65536
lt_lt_cv_prog_compiler_c_o='"yes"'
lt_lt_cv_sys_global_symbol_pipe='""'
lt_lt_cv_sys_global_symbol_to_c_name_address='"sed -n -e '\''s/^: \\([^ ]*\\) \$/  {\\\"\\1\\\", (lt_ptr) 0},/p'\'' -e '\''s/^[BCDEGRST] \\([^ ]*\\) \\([^ ]*\\)\$/  {\"\\2\", (lt_ptr) \\&\\2},/p'\''"'
lt_lt_cv_sys_global_symbol_to_cdecl='""'

## ----------------- ##
## Output variables. ##
## ----------------- ##

ACLOCAL='${SHELL} /Users/sloanesimmons/gocode/src/github.com/rewardStyle/sphinx/fixture_data/libsphinx/missing --run aclocal-1.9'
AMDEPBACKSLASH='\'
AMDEP_FALSE='#'
AMDEP_TRUE=''
AMTAR='${SHELL} /Users/sloanesimmons/gocode/src/github.com/rewardStyle/sphinx/fixture_data/libsphinx/missing --run tar'
AR='ar'
AUTOCONF='${SHELL} /Users/sloanesimmons/gocode/src/github.com/rewardStyle/sphinx/fixture_data/libsphinx/missing --run autoconf'
AUTOHEADER='${SHELL} /Users/sloanesimmons/gocode/src/github.com/rewardStyle/sphinx/fixture_data/libsphinx/missing --run autoheader'
AUTOMAKE='${SHELL} /Users/sloanesimmons/gocode/src/github.com/rewardStyle/sphinx/fixture_data/libsphinx/missing --run automake-1.9'
AWK='awk'
CC='gcc'
CCDEPMODE='depmode=none'
CFLAGS='-g -O2'
CPP='gcc -E'
CPPFLAGS=''
CXXCPP='/usr/bin/cpp'
CYGPATH_W='echo'
DEFS='-DHAVE_CONFIG_H'
DEPDIR='.deps'
ECHO='/bin/echo'
ECHO_C='ECHO_N=''
ECHO_T=''
EGREP='grep -E'
EXEEXT=''
INSTALL_DATA='${INSTALL} -m 644'
INSTALL_PROGRAM='${INSTALL}'
INSTALL_SCRIPT='${INSTALL}'
INSTALL_STRIP_FLAG='-s'
INSTALL_STRIP_PROGRAM='${SHELL} $(install_sh) -c -s'
LDFLAGS=''
LIBOBJS=''
LIBS=''
LIBTOOL='$(SHELL) $(top_builddir)/libtool'
LN_S='ln -s'
LTLIBOBJS=''
MAINT='#'
MAINTAINER_MODE_FALSE=''
MAINTAINER_MODE_TRUE='#'
MAKEINFO='${SHELL} /Users/sloanesimmons/gocode/src/github.com/rewardStyle/sphinx/fixture_data/libsphinx/missing --run makeinfo'
OBJEXT='o'
PACKAGE='libsphinxclient'
PACKAGE_BUGREPORT=''
PACKAGE_NAME='libsphinxclient'
PACKAGE_STRING='libsphinxclient 0.0.1'
PACKAGE_TARNAME='libsphinxclient'
PACKAGE_VERSION='0.0.1'
PATH_SEPARATOR=':'
RANLIB='ranlib'
SET_MAKE=''
SHELL='/bin/sh'
STRIP='strip'
VERSION='0.0.1'
ac_ct_AR='ar'
ac_ct_CC='gcc'
ac_ct_RANLIB='ranlib'
ac_ct_STRIP='strip'
am__fastdepCC_FALSE=''
am__fastdepCC_TRUE='#'
am__include='include'
am__leading_dot='.'
am__quote=''
am__tar='${AMTAR} chof - "$$tardir"'
am__untar='${AMTAR} xf -'
bindir='${exec_prefix}/bin'
build='i686-apple-darwin14.5.0'
build_alias=''
build_cpu='i686'
build_os='darwin14.5.0'
build_vendor='apple'
datadir='${prefix}/share'
exec_prefix='${prefix}'
host='i686-apple-darwin14.5.0'
host_alias=''
host_cpu='i686'
host_os='darwin14.5.0'
host_vendor='apple'
includedir='${prefix}/include'
infodir='${prefix}/info'
install_sh='/Users/sloanesimmons/gocode/src/github.com/rewardStyle/sphinx/fixture_data/libsphinx/install-sh'
libdir='${exec_prefix}/lib'
libexecdir='${exec_prefix}/libexec'
localstatedir='${prefix}/var'
mandir='${prefix}/man'
mkdir_p='$(install_sh) -d'
oldincludedir='/usr/include'
prefix='/usr/local'
program_transform_name='s,x,x,'
sbindir='${exec_prefix}/sbin'
sharedstatedir='${prefix}/com'
sysconfdir='${prefix}/etc'
target_alias=''

## ----------- ##
## confdefs.h. ##
## ----------- ##

#define HAVE_DLFCN_H 1
#define HAVE_INTTYPES_H 1
#define HAVE_MEMORY_H 1
#define HAVE_STDINT_H 1
#define HAVE_STDINT_H 1
#define HAVE_STDLIB_H 1
#define HAVE_STRINGS_H 1
#define HAVE_STRINGS_H 1
#define HAVE_STRING_H 1
#define HAVE_STRING_H 1
#define HAVE_SYS_STAT_H 1
#define HAVE_SYS_TYPES_H 1
#define HAVE_UNISTD_H 1
#define HAVE_UNISTD_H 1
#define PACKAGE_BUGREPORT ""
#define PACKAGE_NAME "libsphinxclient"
#define PACKAGE_STRING "libsphinxclient 0.0.1"
#define PACKAGE_TARNAME "libsphinxclient"
#define PACKAGE_VERSION "0.0.1"
#define STDC_HEADERS 1

configure: exit 0
